0 info it worked if it ends with ok
1 verbose cli [ '/usr/local/bin/node', '/usr/local/bin/npm', 'run', 'dev' ]
2 info using npm@3.10.9
3 info using node@v7.1.0
4 verbose run-script [ 'predev', 'dev', 'postdev' ]
5 info lifecycle laravel-webpacker@0.1.0~predev: laravel-webpacker@0.1.0
6 silly lifecycle laravel-webpacker@0.1.0~predev: no script for predev, continuing
7 info lifecycle laravel-webpacker@0.1.0~dev: laravel-webpacker@0.1.0
8 verbose lifecycle laravel-webpacker@0.1.0~dev: unsafe-perm in lifecycle true
9 verbose lifecycle laravel-webpacker@0.1.0~dev: PATH: /usr/local/lib/node_modules/npm/bin/node-gyp-bin:/Users/jeffrey/code/laravel-webpacker/node_modules/.bin:/Users/jeffrey/bin:/usr/local/bin:/Users/jeffrey/.composer/vendor/bin:/usr/local/bin:/usr/bin:/bin:/usr/sbin:/sbin
10 verbose lifecycle laravel-webpacker@0.1.0~dev: CWD: /Users/jeffrey/code/laravel-webpacker
11 silly lifecycle laravel-webpacker@0.1.0~dev: Args: [ '-c', 'webpack --watch --progress --debug' ]
12 info lifecycle laravel-webpacker@0.1.0~dev: Failed to exec dev script
13 verbose stack Error: laravel-webpacker@0.1.0 dev: `webpack --watch --progress --debug`
13 verbose stack spawn ENOENT
13 verbose stack     at ChildProcess.<anonymous> (/usr/local/lib/node_modules/npm/lib/utils/spawn.js:33:16)
13 verbose stack     at emitTwo (events.js:106:13)
13 verbose stack     at ChildProcess.emit (events.js:191:7)
13 verbose stack     at maybeClose (internal/child_process.js:885:16)
13 verbose stack     at Process.ChildProcess._handle.onexit (internal/child_process.js:226:5)
14 verbose pkgid laravel-webpacker@0.1.0
15 verbose cwd /Users/jeffrey/code/laravel-webpacker
16 error Darwin 16.1.0
17 error argv "/usr/local/bin/node" "/usr/local/bin/npm" "run" "dev"
18 error node v7.1.0
19 error npm  v3.10.9
20 error file sh
21 error code ELIFECYCLE
22 error errno ENOENT
23 error syscall spawn
24 error laravel-webpacker@0.1.0 dev: `webpack --watch --progress --debug`
24 error spawn ENOENT
25 error Failed at the laravel-webpacker@0.1.0 dev script 'webpack --watch --progress --debug'.
25 error Make sure you have the latest version of node.js and npm installed.
25 error If you do, this is most likely a problem with the laravel-webpacker package,
25 error not with npm itself.
25 error Tell the author that this fails on your system:
25 error     webpack --watch --progress --debug
25 error You can get information on how to open an issue for this project with:
25 error     npm bugs laravel-webpacker
25 error Or if that isn't available, you can get their info via:
25 error     npm owner ls laravel-webpacker
25 error There is likely additional logging output above.
26 verbose exit [ 1, true ]
